<?xml version="1.0" encoding="UTF-8"?>
<!-- Generated by org.testng.reporters.JUnitReportReporter -->
<testsuite skipped="0" hostname="MOB700043" name="com.shanku.testcases.LoginTest" tests="1" failures="0" timestamp="08 Sep 2020 21:03:55 GMT" time="1.591" errors="0">
  <testcase name="loginTest" time="1.591" classname="com.shanku.testcases.LoginTest"/>
</testsuite> <!-- com.shanku.testcases.LoginTest -->
