<?xml version="1.0" encoding="UTF-8"?>
<!-- Generated by org.testng.reporters.JUnitReportReporter -->
<testsuite skipped="0" hostname="MOB700043" name="com.shanku.testcases.CreateAccountTest" tests="1" failures="0" timestamp="08 Sep 2020 21:03:55 GMT" time="27.527" errors="0">
  <testcase name="createAccountTest" time="27.527" classname="com.shanku.testcases.CreateAccountTest"/>
</testsuite> <!-- com.shanku.testcases.CreateAccountTest -->
